2024-45-30 13:45:59.018 [main] INFO  ru.kozarez.restapp.RestAppApplication - Starting RestAppApplication using Java 17.0.9 with PID 16296 (C:\Users\kozarez\java-projects\RestSoap\RestSoapDataTransformer\RestApp\target\classes started by kozarez in C:\Users\kozarez\java-projects\RestSoap\RestSoapDataTransformer)
2024-45-30 13:45:59.025 [main] INFO  ru.kozarez.restapp.RestAppApplication - No active profile set, falling back to 1 default profile: "default"
2024-45-30 13:45:59.618 [main] WARN  org.springframework.context.support.PostProcessorRegistrationDelegate$BeanPostProcessorChecker - Bean 'org.springframework.ws.config.annotation.DelegatingWsConfiguration' of type [org.springframework.ws.config.annotation.DelegatingWsConfiguration$$SpringCGLIB$$0] is not eligible for getting processed by all BeanPostProcessors (for example: not eligible for auto-proxying). The currently created BeanPostProcessor [annotationActionEndpointMapping] is declared through a non-static factory method on that class; consider declaring it as static instead.
2024-45-30 13:45:59.635 [main] INFO  org.springframework.ws.soap.addressing.server.AnnotationActionEndpointMapping - Supporting [WS-Addressing August 2004, WS-Addressing 1.0]
2024-45-30 13:45:59.815 [main] INFO  org.springframework.boot.web.embedded.tomcat.TomcatWebServer - Tomcat initialized with port 8080 (http)
2024-45-30 13:45:59.875 [main] INFO  org.springframework.boot.web.servlet.context.ServletWebServerApplicationContext - Root WebApplicationContext: initialization completed in 818 ms
2024-46-30 13:46:00.017 [main] INFO  org.springframework.ws.soap.saaj.SaajSoapMessageFactory - Creating SAAJ 1.3 MessageFactory with SOAP 1.1 Protocol
2024-46-30 13:46:00.097 [main] INFO  org.hibernate.Version - HHH000412: Hibernate ORM core version 5.6.15.Final
2024-46-30 13:46:00.256 [main] INFO  org.hibernate.annotations.common.Version - HCANN000001: Hibernate Commons Annotations {5.1.2.Final}
2024-46-30 13:46:00.540 [main] INFO  org.hibernate.dialect.Dialect - HHH000400: Using dialect: org.hibernate.dialect.PostgreSQLDialect
2024-46-30 13:46:01.048 [main] INFO  org.hibernate.engine.transaction.jta.platform.internal.JtaPlatformInitiator - HHH000490: Using JtaPlatform implementation: [org.hibernate.engine.transaction.jta.platform.internal.NoJtaPlatform]
2024-46-30 13:46:01.386 [main] INFO  org.springframework.boot.web.embedded.tomcat.TomcatWebServer - Tomcat started on port 8080 (http) with context path ''
2024-46-30 13:46:01.397 [main] INFO  ru.kozarez.restapp.RestAppApplication - Started RestAppApplication in 2.656 seconds (process running for 3.388)
2024-46-30 13:46:42.415 [main] INFO  ru.kozarez.restapp.RestAppApplication - Starting RestAppApplication using Java 17.0.9 with PID 16388 (C:\Users\kozarez\java-projects\RestSoap\RestSoapDataTransformer\RestApp\target\classes started by kozarez in C:\Users\kozarez\java-projects\RestSoap\RestSoapDataTransformer)
2024-46-30 13:46:42.422 [main] INFO  ru.kozarez.restapp.RestAppApplication - No active profile set, falling back to 1 default profile: "default"
2024-46-30 13:46:43.047 [main] WARN  org.springframework.context.support.PostProcessorRegistrationDelegate$BeanPostProcessorChecker - Bean 'org.springframework.ws.config.annotation.DelegatingWsConfiguration' of type [org.springframework.ws.config.annotation.DelegatingWsConfiguration$$SpringCGLIB$$0] is not eligible for getting processed by all BeanPostProcessors (for example: not eligible for auto-proxying). The currently created BeanPostProcessor [annotationActionEndpointMapping] is declared through a non-static factory method on that class; consider declaring it as static instead.
2024-46-30 13:46:43.065 [main] INFO  org.springframework.ws.soap.addressing.server.AnnotationActionEndpointMapping - Supporting [WS-Addressing August 2004, WS-Addressing 1.0]
2024-46-30 13:46:43.240 [main] INFO  org.springframework.boot.web.embedded.tomcat.TomcatWebServer - Tomcat initialized with port 8080 (http)
2024-46-30 13:46:43.301 [main] INFO  org.springframework.boot.web.servlet.context.ServletWebServerApplicationContext - Root WebApplicationContext: initialization completed in 845 ms
2024-46-30 13:46:43.437 [main] INFO  org.springframework.ws.soap.saaj.SaajSoapMessageFactory - Creating SAAJ 1.3 MessageFactory with SOAP 1.1 Protocol
2024-46-30 13:46:43.516 [main] INFO  org.hibernate.Version - HHH000412: Hibernate ORM core version 5.6.15.Final
2024-46-30 13:46:43.679 [main] INFO  org.hibernate.annotations.common.Version - HCANN000001: Hibernate Commons Annotations {5.1.2.Final}
2024-46-30 13:46:43.964 [main] INFO  org.hibernate.dialect.Dialect - HHH000400: Using dialect: org.hibernate.dialect.PostgreSQLDialect
2024-46-30 13:46:44.474 [main] INFO  org.hibernate.engine.transaction.jta.platform.internal.JtaPlatformInitiator - HHH000490: Using JtaPlatform implementation: [org.hibernate.engine.transaction.jta.platform.internal.NoJtaPlatform]
2024-46-30 13:46:44.810 [main] INFO  org.springframework.boot.web.embedded.tomcat.TomcatWebServer - Tomcat started on port 8080 (http) with context path ''
2024-46-30 13:46:44.822 [main] INFO  ru.kozarez.restapp.RestAppApplication - Started RestAppApplication in 2.684 seconds (process running for 3.408)
2024-47-30 13:47:41.496 [main] INFO  ru.kozarez.restapp.RestAppApplication - Starting RestAppApplication using Java 17.0.9 with PID 6124 (C:\Users\kozarez\java-projects\RestSoap\RestSoapDataTransformer\RestApp\target\classes started by kozarez in C:\Users\kozarez\java-projects\RestSoap\RestSoapDataTransformer)
2024-47-30 13:47:41.503 [main] INFO  ru.kozarez.restapp.RestAppApplication - No active profile set, falling back to 1 default profile: "default"
2024-47-30 13:47:42.089 [main] WARN  org.springframework.context.support.PostProcessorRegistrationDelegate$BeanPostProcessorChecker - Bean 'org.springframework.ws.config.annotation.DelegatingWsConfiguration' of type [org.springframework.ws.config.annotation.DelegatingWsConfiguration$$SpringCGLIB$$0] is not eligible for getting processed by all BeanPostProcessors (for example: not eligible for auto-proxying). The currently created BeanPostProcessor [annotationActionEndpointMapping] is declared through a non-static factory method on that class; consider declaring it as static instead.
2024-47-30 13:47:42.105 [main] INFO  org.springframework.ws.soap.addressing.server.AnnotationActionEndpointMapping - Supporting [WS-Addressing August 2004, WS-Addressing 1.0]
2024-47-30 13:47:42.278 [main] INFO  org.springframework.boot.web.embedded.tomcat.TomcatWebServer - Tomcat initialized with port 8080 (http)
2024-47-30 13:47:42.345 [main] INFO  org.springframework.boot.web.servlet.context.ServletWebServerApplicationContext - Root WebApplicationContext: initialization completed in 811 ms
2024-47-30 13:47:42.490 [main] INFO  org.springframework.ws.soap.saaj.SaajSoapMessageFactory - Creating SAAJ 1.3 MessageFactory with SOAP 1.1 Protocol
2024-47-30 13:47:42.570 [main] INFO  org.hibernate.Version - HHH000412: Hibernate ORM core version 5.6.15.Final
2024-47-30 13:47:42.736 [main] INFO  org.hibernate.annotations.common.Version - HCANN000001: Hibernate Commons Annotations {5.1.2.Final}
2024-47-30 13:47:43.136 [main] INFO  org.hibernate.dialect.Dialect - HHH000400: Using dialect: org.hibernate.dialect.PostgreSQLDialect
2024-47-30 13:47:43.631 [main] INFO  org.hibernate.engine.transaction.jta.platform.internal.JtaPlatformInitiator - HHH000490: Using JtaPlatform implementation: [org.hibernate.engine.transaction.jta.platform.internal.NoJtaPlatform]
2024-47-30 13:47:43.950 [main] INFO  org.springframework.boot.web.embedded.tomcat.TomcatWebServer - Tomcat started on port 8080 (http) with context path ''
2024-47-30 13:47:43.961 [main] INFO  ru.kozarez.restapp.RestAppApplication - Started RestAppApplication in 2.736 seconds (process running for 3.456)
2024-47-30 13:47:50.864 [http-nio-8080-exec-3] INFO  org.springframework.web.servlet.DispatcherServlet - Initializing Servlet 'dispatcherServlet'
2024-47-30 13:47:50.865 [http-nio-8080-exec-3] INFO  org.springframework.web.servlet.DispatcherServlet - Completed initialization in 1 ms
2024-47-30 13:47:50.948 [http-nio-8080-exec-3] INFO  ru.kozarez.restapp.controllers.MainController - Received JSON person: PersonModel(name=Тест, surname=Тестов, patronymic=Тестович, birthDate=Mon Jan 01 03:00:00 MSK 1990, gender=MAN, document=DocumentModel(series=1333, number=112233, type=PASSPORT, issueDate=Wed Jan 01 03:00:00 MSK 2020))
2024-47-30 13:47:51.043 [http-nio-8080-exec-3] INFO  ru.kozarez.restapp.services.MainService - Put received person to database
2024-47-30 13:47:51.231 [http-nio-8080-exec-3] INFO  ru.kozarez.restapp.services.MainService - Received soap response. Contained data: <PersonModel name="Тест" surname="Тестов" patronymic="Тестович" birthDate="1990-01-01" gender="MAN">
    <document series="1333" number="112233" type="PASSPORT" issueDate="2020-01-01"/>
</PersonModel>

2024-47-30 13:47:51.257 [http-nio-8080-exec-3] INFO  ru.kozarez.restapp.services.MainService - Put converted person to database
2024-01-30 14:01:17.501 [main] INFO  ru.kozarez.restapp.RestAppApplication - Starting RestAppApplication using Java 17.0.9 with PID 8220 (C:\Users\kozarez\java-projects\RestSoap\RestSoapDataTransformer\RestApp\target\classes started by kozarez in C:\Users\kozarez\java-projects\RestSoap\RestSoapDataTransformer)
2024-01-30 14:01:17.508 [main] INFO  ru.kozarez.restapp.RestAppApplication - No active profile set, falling back to 1 default profile: "default"
2024-01-30 14:01:18.151 [main] WARN  org.springframework.context.support.PostProcessorRegistrationDelegate$BeanPostProcessorChecker - Bean 'org.springframework.ws.config.annotation.DelegatingWsConfiguration' of type [org.springframework.ws.config.annotation.DelegatingWsConfiguration$$SpringCGLIB$$0] is not eligible for getting processed by all BeanPostProcessors (for example: not eligible for auto-proxying). The currently created BeanPostProcessor [annotationActionEndpointMapping] is declared through a non-static factory method on that class; consider declaring it as static instead.
2024-01-30 14:01:18.169 [main] INFO  org.springframework.ws.soap.addressing.server.AnnotationActionEndpointMapping - Supporting [WS-Addressing August 2004, WS-Addressing 1.0]
2024-01-30 14:01:18.340 [main] INFO  org.springframework.boot.web.embedded.tomcat.TomcatWebServer - Tomcat initialized with port 8080 (http)
2024-01-30 14:01:18.401 [main] INFO  org.springframework.boot.web.servlet.context.ServletWebServerApplicationContext - Root WebApplicationContext: initialization completed in 861 ms
2024-01-30 14:01:18.539 [main] INFO  org.springframework.ws.soap.saaj.SaajSoapMessageFactory - Creating SAAJ 1.3 MessageFactory with SOAP 1.1 Protocol
2024-01-30 14:01:18.627 [main] INFO  org.hibernate.Version - HHH000412: Hibernate ORM core version 5.6.15.Final
2024-01-30 14:01:18.789 [main] INFO  org.hibernate.annotations.common.Version - HCANN000001: Hibernate Commons Annotations {5.1.2.Final}
2024-01-30 14:01:19.092 [main] INFO  org.hibernate.dialect.Dialect - HHH000400: Using dialect: org.hibernate.dialect.PostgreSQLDialect
2024-01-30 14:01:19.693 [main] INFO  org.hibernate.engine.transaction.jta.platform.internal.JtaPlatformInitiator - HHH000490: Using JtaPlatform implementation: [org.hibernate.engine.transaction.jta.platform.internal.NoJtaPlatform]
2024-01-30 14:01:20.078 [main] INFO  org.springframework.boot.web.embedded.tomcat.TomcatWebServer - Tomcat started on port 8080 (http) with context path ''
2024-01-30 14:01:20.090 [main] INFO  ru.kozarez.restapp.RestAppApplication - Started RestAppApplication in 2.861 seconds (process running for 3.598)
2024-05-30 14:05:18.232 [main] INFO  ru.kozarez.soapapp.SoapAppApplication - Starting SoapAppApplication using Java 17.0.9 with PID 11816 (C:\Users\kozarez\java-projects\RestSoap\RestSoapDataTransformer\SoapApp\target\classes started by kozarez in C:\Users\kozarez\java-projects\RestSoap\RestSoapDataTransformer)
2024-05-30 14:05:18.240 [main] INFO  ru.kozarez.soapapp.SoapAppApplication - No active profile set, falling back to 1 default profile: "default"
2024-05-30 14:05:18.757 [main] WARN  org.springframework.context.support.PostProcessorRegistrationDelegate$BeanPostProcessorChecker - Bean 'webServiceConfig' of type [ru.kozarez.soapapp.configurations.WebServiceConfig$$SpringCGLIB$$0] is not eligible for getting processed by all BeanPostProcessors (for example: not eligible for auto-proxying). Is this bean getting eagerly injected into a currently created BeanPostProcessor [annotationActionEndpointMapping]? Check the corresponding BeanPostProcessor declaration and its dependencies.
2024-05-30 14:05:18.758 [main] WARN  org.springframework.context.support.PostProcessorRegistrationDelegate$BeanPostProcessorChecker - Bean 'org.springframework.ws.config.annotation.DelegatingWsConfiguration' of type [org.springframework.ws.config.annotation.DelegatingWsConfiguration$$SpringCGLIB$$0] is not eligible for getting processed by all BeanPostProcessors (for example: not eligible for auto-proxying). The currently created BeanPostProcessor [annotationActionEndpointMapping] is declared through a non-static factory method on that class; consider declaring it as static instead.
2024-05-30 14:05:18.775 [main] INFO  org.springframework.ws.soap.addressing.server.AnnotationActionEndpointMapping - Supporting [WS-Addressing August 2004, WS-Addressing 1.0]
2024-05-30 14:05:18.945 [main] INFO  org.springframework.boot.web.embedded.tomcat.TomcatWebServer - Tomcat initialized with port 8081 (http)
2024-05-30 14:05:19.002 [main] INFO  org.springframework.boot.web.servlet.context.ServletWebServerApplicationContext - Root WebApplicationContext: initialization completed in 730 ms
2024-05-30 14:05:19.340 [main] INFO  org.springframework.boot.web.embedded.tomcat.TomcatWebServer - Tomcat started on port 8081 (http) with context path ''
2024-05-30 14:05:19.351 [main] INFO  ru.kozarez.soapapp.SoapAppApplication - Started SoapAppApplication in 1.398 seconds (process running for 2.066)
2024-05-30 14:05:27.818 [http-nio-8080-exec-1] INFO  org.springframework.web.servlet.DispatcherServlet - Initializing Servlet 'dispatcherServlet'
2024-05-30 14:05:27.819 [http-nio-8080-exec-1] INFO  org.springframework.web.servlet.DispatcherServlet - Completed initialization in 1 ms
2024-05-30 14:05:27.903 [http-nio-8080-exec-1] INFO  ru.kozarez.restapp.controllers.MainController - Received JSON person: PersonModel(name=Тест, surname=Тестов, patronymic=Тестович, birthDate=Mon Jan 01 03:00:00 MSK 1990, gender=MAN, document=DocumentModel(series=1333, number=112233, type=PASSPORT, issueDate=Wed Jan 01 03:00:00 MSK 2020))
2024-05-30 14:05:27.988 [http-nio-8080-exec-1] INFO  ru.kozarez.restapp.services.MainService - Put received person to database
2024-05-30 14:05:28.141 [http-nio-8081-exec-1] INFO  org.springframework.ws.transport.http.MessageDispatcherServlet - Initializing Servlet 'messageDispatcherServlet'
2024-05-30 14:05:28.145 [http-nio-8081-exec-1] INFO  org.springframework.ws.soap.saaj.SaajSoapMessageFactory - Creating SAAJ 1.3 MessageFactory with SOAP 1.1 Protocol
2024-05-30 14:05:28.158 [http-nio-8081-exec-1] INFO  org.springframework.ws.transport.http.MessageDispatcherServlet - Completed initialization in 17 ms
2024-05-30 14:05:28.311 [http-nio-8081-exec-1] INFO  ru.kozarez.soapapp.controllers.SoapController - Received XML: <PersonModel>
  <name>Тест</name>
  <surname>Тестов</surname>
  <patronymic>Тестович</patronymic>
  <birthDate>1990-01-01</birthDate>
  <gender>MAN</gender>
  <document>
    <series>1333</series>
    <number>112233</number>
    <type>PASSPORT</type>
    <issueDate>2020-01-01</issueDate>
  </document>
</PersonModel>

2024-05-30 14:05:28.411 [http-nio-8081-exec-1] INFO  ru.kozarez.soapapp.services.ConvertService - Successfully transform XML
2024-05-30 14:05:28.455 [http-nio-8080-exec-1] INFO  ru.kozarez.restapp.services.MainService - Received soap response. Contained data: <PersonModel name="Тест" surname="Тестов" patronymic="Тестович" birthDate="1990-01-01" gender="MAN">
    <document series="1333" number="112233" type="PASSPORT" issueDate="2020-01-01"/>
</PersonModel>

2024-05-30 14:05:28.483 [http-nio-8080-exec-1] INFO  ru.kozarez.restapp.services.MainService - Put converted person to database
2024-06-30 14:06:27.879 [main] INFO  ru.kozarez.soapapp.SoapAppApplication - Starting SoapAppApplication using Java 17.0.9 with PID 18708 (C:\Users\kozarez\java-projects\RestSoap\RestSoapDataTransformer\SoapApp\target\classes started by kozarez in C:\Users\kozarez\java-projects\RestSoap\RestSoapDataTransformer)
2024-06-30 14:06:27.887 [main] INFO  ru.kozarez.soapapp.SoapAppApplication - No active profile set, falling back to 1 default profile: "default"
2024-06-30 14:06:28.390 [main] WARN  org.springframework.context.support.PostProcessorRegistrationDelegate$BeanPostProcessorChecker - Bean 'webServiceConfig' of type [ru.kozarez.soapapp.configurations.WebServiceConfig$$SpringCGLIB$$0] is not eligible for getting processed by all BeanPostProcessors (for example: not eligible for auto-proxying). Is this bean getting eagerly injected into a currently created BeanPostProcessor [annotationActionEndpointMapping]? Check the corresponding BeanPostProcessor declaration and its dependencies.
2024-06-30 14:06:28.390 [main] WARN  org.springframework.context.support.PostProcessorRegistrationDelegate$BeanPostProcessorChecker - Bean 'org.springframework.ws.config.annotation.DelegatingWsConfiguration' of type [org.springframework.ws.config.annotation.DelegatingWsConfiguration$$SpringCGLIB$$0] is not eligible for getting processed by all BeanPostProcessors (for example: not eligible for auto-proxying). The currently created BeanPostProcessor [annotationActionEndpointMapping] is declared through a non-static factory method on that class; consider declaring it as static instead.
2024-06-30 14:06:28.407 [main] INFO  org.springframework.ws.soap.addressing.server.AnnotationActionEndpointMapping - Supporting [WS-Addressing August 2004, WS-Addressing 1.0]
2024-06-30 14:06:28.576 [main] INFO  org.springframework.boot.web.embedded.tomcat.TomcatWebServer - Tomcat initialized with port 8081 (http)
2024-06-30 14:06:28.633 [main] INFO  org.springframework.boot.web.servlet.context.ServletWebServerApplicationContext - Root WebApplicationContext: initialization completed in 715 ms
2024-06-30 14:06:28.968 [main] INFO  org.springframework.boot.web.embedded.tomcat.TomcatWebServer - Tomcat started on port 8081 (http) with context path ''
2024-06-30 14:06:28.980 [main] INFO  ru.kozarez.soapapp.SoapAppApplication - Started SoapAppApplication in 1.376 seconds (process running for 2.03)
